<?xml version="1.0" encoding="UTF-8"?>
<!-- Generated by org.testng.reporters.JUnitXMLReporter -->
<testsuite ignored="0" hostname="INHCLH-HL0814" failures="0" tests="1" name="Test" time="29.938" errors="0" timestamp="2022-04-30T08:42:28 IST">
  <testcase classname="com.cyient.Test.BaseTest" name="@AfterMethod Close" time="0.0">
    <failure type="java.lang.NullPointerException" message="Cannot invoke &amp;quot;org.openqa.selenium.WebDriver.quit()&amp;quot; because &amp;quot;this.driver&amp;quot; is null">
      <![CDATA[java.lang.NullPointerException: Cannot invoke "org.openqa.selenium.WebDriver.quit()" because "this.driver" is null
at com.cyient.Test.BaseTest.Close(BaseTest.java:23)
at java.base/java.util.ArrayList.forEach(ArrayList.java:1511)
... Removed 32 stack frames]]>
    </failure>
  </testcase> <!-- @AfterMethod Close -->
  <testcase classname="com.cyient.Test.LoginTest" name="VerifyLoginFunctionality" time="16.798"/>
</testsuite> <!-- Test -->
